<?xml version="1.0" encoding="UTF-8"?>
<!-- Generated by org.testng.reporters.JUnitXMLReporter -->
<testsuite ignored="0" hostname="DESKTOP-VA6IN0U" failures="0" tests="2" name="Error Validation Test" time="18.637" errors="0" timestamp="2023-11-28T23:46:03 IST">
  <testcase classname="rahulshettyacademy.Tests.ErrorValidation" name="LoginErrorValidation" time="0.404"/>
  <testcase classname="rahulshettyacademy.Tests.ErrorValidation" name="ProductErrorValidation" time="13.327"/>
</testsuite> <!-- Error Validation Test -->
