<?xml version="1.0" encoding="UTF-8"?>
<!-- Generated by org.testng.reporters.JUnitXMLReporter -->
<testsuite ignored="0" hostname="DESKTOP-VA6IN0U" failures="0" tests="2" name="Submit order test" time="19.461" errors="0" timestamp="2023-11-28T23:45:44 IST">
  <testcase classname="rahulshettyacademy.Tests.SubmitOrderTest" name="submitOrder" time="14.048"/>
  <testcase classname="rahulshettyacademy.Tests.SubmitOrderTest" name="orderHistoryTest" time="0.486"/>
</testsuite> <!-- Submit order test -->
