<?xml version="1.0" encoding="UTF-8"?>
<testng-results ignored="0" total="1" passed="1" failed="0" skipped="0">
  <reporter-output>
  </reporter-output>
  <suite started-at="2023-11-15T23:56:56 IST" name="Default suite" finished-at="2023-11-15T23:56:59 IST" duration-ms="3648">
    <groups>
    </groups>
    <test started-at="2023-11-15T23:56:56 IST" name="Default test" finished-at="2023-11-15T23:56:59 IST" duration-ms="3648">
      <class name="rahulashettyacademy.Tests.ErrorValidation">
        <test-method is-config="true" signature="LaunchApplication()[pri:0, instance:rahulashettyacademy.Tests.ErrorValidation@750e2b97]" started-at="2023-11-15T23:56:56 IST" name="LaunchApplication" finished-at="2023-11-15T23:56:59 IST" duration-ms="3073" status="PASS">
          <reporter-output>
          </reporter-output>
        </test-method> <!-- LaunchApplication -->
        <test-method signature="errorValidation()[pri:0, instance:rahulashettyacademy.Tests.ErrorValidation@750e2b97]" started-at="2023-11-15T23:56:59 IST" name="errorValidation" finished-at="2023-11-15T23:56:59 IST" duration-ms="452" status="PASS">
          <reporter-output>
          </reporter-output>
        </test-method> <!-- errorValidation -->
        <test-method is-config="true" signature="tearDown()[pri:0, instance:rahulashettyacademy.Tests.ErrorValidation@750e2b97]" started-at="2023-11-15T23:56:59 IST" name="tearDown" finished-at="2023-11-15T23:56:59 IST" duration-ms="81" status="PASS">
          <reporter-output>
          </reporter-output>
        </test-method> <!-- tearDown -->
      </class> <!-- rahulashettyacademy.Tests.ErrorValidation -->
    </test> <!-- Default test -->
  </suite> <!-- Default suite -->
</testng-results>
