<?xml version="1.0" encoding="UTF-8"?>
<testng-results ignored="0" total="4" passed="4" failed="0" skipped="0">
  <reporter-output>
  </reporter-output>
  <suite started-at="2023-11-28T23:45:24 IST" name="Suite" finished-at="2023-11-28T23:46:03 IST" duration-ms="38126">
    <groups>
    </groups>
    <test started-at="2023-11-28T23:45:24 IST" name="Submit order test" finished-at="2023-11-28T23:45:44 IST" duration-ms="19461">
      <class name="rahulshettyacademy.Tests.SubmitOrderTest">
        <test-method is-config="true" signature="LaunchApplication()[pri:0, instance:rahulshettyacademy.Tests.SubmitOrderTest@2e385cce]" started-at="2023-11-28T23:45:25 IST" name="LaunchApplication" finished-at="2023-11-28T23:45:27 IST" duration-ms="2669" status="PASS">
          <reporter-output>
          </reporter-output>
        </test-method> <!-- LaunchApplication -->
        <test-method signature="submitOrder()[pri:0, instance:rahulshettyacademy.Tests.SubmitOrderTest@2e385cce]" started-at="2023-11-28T23:45:27 IST" name="submitOrder" finished-at="2023-11-28T23:45:41 IST" duration-ms="14048" status="PASS">
          <reporter-output>
          </reporter-output>
        </test-method> <!-- submitOrder -->
        <test-method is-config="true" signature="tearDown()[pri:0, instance:rahulshettyacademy.Tests.SubmitOrderTest@2e385cce]" started-at="2023-11-28T23:45:41 IST" name="tearDown" finished-at="2023-11-28T23:45:41 IST" duration-ms="82" status="PASS">
          <reporter-output>
          </reporter-output>
        </test-method> <!-- tearDown -->
        <test-method is-config="true" signature="LaunchApplication()[pri:0, instance:rahulshettyacademy.Tests.SubmitOrderTest@2e385cce]" started-at="2023-11-28T23:45:41 IST" name="LaunchApplication" finished-at="2023-11-28T23:45:43 IST" duration-ms="2071" status="PASS">
          <reporter-output>
          </reporter-output>
        </test-method> <!-- LaunchApplication -->
        <test-method signature="orderHistoryTest()[pri:0, instance:rahulshettyacademy.Tests.SubmitOrderTest@2e385cce]" started-at="2023-11-28T23:45:43 IST" name="orderHistoryTest" finished-at="2023-11-28T23:45:44 IST" depends-on-methods="rahulshettyacademy.Tests.SubmitOrderTest.submitOrder" duration-ms="486" status="PASS">
          <reporter-output>
          </reporter-output>
        </test-method> <!-- orderHistoryTest -->
        <test-method is-config="true" signature="tearDown()[pri:0, instance:rahulshettyacademy.Tests.SubmitOrderTest@2e385cce]" started-at="2023-11-28T23:45:44 IST" name="tearDown" finished-at="2023-11-28T23:45:44 IST" duration-ms="54" status="PASS">
          <reporter-output>
          </reporter-output>
        </test-method> <!-- tearDown -->
      </class> <!-- rahulshettyacademy.Tests.SubmitOrderTest -->
    </test> <!-- Submit order test -->
    <test started-at="2023-11-28T23:45:44 IST" name="Error Validation Test" finished-at="2023-11-28T23:46:03 IST" duration-ms="18637">
      <class name="rahulshettyacademy.Tests.ErrorValidation">
        <test-method is-config="true" signature="LaunchApplication()[pri:0, instance:rahulshettyacademy.Tests.ErrorValidation@8462f31]" started-at="2023-11-28T23:45:44 IST" name="LaunchApplication" finished-at="2023-11-28T23:45:45 IST" duration-ms="1180" status="PASS">
          <reporter-output>
          </reporter-output>
        </test-method> <!-- LaunchApplication -->
        <test-method signature="LoginErrorValidation()[pri:0, instance:rahulshettyacademy.Tests.ErrorValidation@8462f31]" started-at="2023-11-28T23:45:45 IST" name="LoginErrorValidation" finished-at="2023-11-28T23:45:46 IST" duration-ms="404" status="PASS">
          <reporter-output>
          </reporter-output>
        </test-method> <!-- LoginErrorValidation -->
        <test-method is-config="true" signature="tearDown()[pri:0, instance:rahulshettyacademy.Tests.ErrorValidation@8462f31]" started-at="2023-11-28T23:45:46 IST" name="tearDown" finished-at="2023-11-28T23:45:46 IST" duration-ms="117" status="PASS">
          <reporter-output>
          </reporter-output>
        </test-method> <!-- tearDown -->
        <test-method is-config="true" signature="LaunchApplication()[pri:0, instance:rahulshettyacademy.Tests.ErrorValidation@8462f31]" started-at="2023-11-28T23:45:46 IST" name="LaunchApplication" finished-at="2023-11-28T23:45:49 IST" duration-ms="3554" status="PASS">
          <reporter-output>
          </reporter-output>
        </test-method> <!-- LaunchApplication -->
        <test-method signature="ProductErrorValidation()[pri:0, instance:rahulshettyacademy.Tests.ErrorValidation@8462f31]" started-at="2023-11-28T23:45:49 IST" name="ProductErrorValidation" finished-at="2023-11-28T23:46:03 IST" duration-ms="13327" status="PASS">
          <reporter-output>
          </reporter-output>
        </test-method> <!-- ProductErrorValidation -->
        <test-method is-config="true" signature="tearDown()[pri:0, instance:rahulshettyacademy.Tests.ErrorValidation@8462f31]" started-at="2023-11-28T23:46:03 IST" name="tearDown" finished-at="2023-11-28T23:46:03 IST" duration-ms="48" status="PASS">
          <reporter-output>
          </reporter-output>
        </test-method> <!-- tearDown -->
      </class> <!-- rahulshettyacademy.Tests.ErrorValidation -->
    </test> <!-- Error Validation Test -->
  </suite> <!-- Suite -->
</testng-results>
